<?xml version="1.0" encoding="UTF-8"?>
<testsuite xmlns:xsi="http://www.w3.org/2001/XMLSchema-instance" xsi:noNamespaceSchemaLocation="https://maven.apache.org/surefire/maven-surefire-plugin/xsd/surefire-test-report.xsd" name="testRunner.TestRun" time="74.693" tests="5" errors="0" skipped="0" failures="1">
  <properties>
[...]
</properties>
  <testcase name="Add a new Customer" classname="Customers" time="25.395"/>
  <testcase name="Search a customer by email id" classname="Customers" time="14.998"/>
  <testcase name="Search customer by Name" classname="Customers" time="15.867"/>
  <testcase name="Successful login with valid credentials #1" classname="Login" time="13.633"/>
  <testcase name="Successful login with valid credentials #2" classname="Login" time="4.35">
    <failure type="java.lang.AssertionError">java.lang.AssertionError
</failure>
    <system-out><![CDATA[
@sanity
Scenario Outline: Successful login with valid credentials                   # Features/Login.feature:17
[DEBUG] Using new Channel '[id: 0xd25cd88b, L:/127.0.0.1:61411 - R:localhost/127.0.0.1:25257]' for 'POST' to '/session'
[DEBUG] 

Request DefaultHttpRequest(decodeResult: success, version: HTTP/1.1)
POST /session HTTP/1.1
User-Agent: selenium/4.7.2 (java windows)
Content-Length: 365
Content-Type: application/json; charset=utf-8
host: localhost:25257
accept: */*

Response DefaultHttpResponse(decodeResult: success, version: HTTP/1.1)
HTTP/1.1 200 OK
Content-Type: application/json; charset=utf-8
cache-control: no-cache
content-length: 790

[DEBUG] Adding key: http://localhost:25257 for channel [id: 0xd25cd88b, L:/127.0.0.1:61411 - R:localhost/127.0.0.1:25257]
[DEBUG] Using new Channel '[id: 0xd16d4f9e, L:/127.0.0.1:61418 - R:localhost/127.0.0.1:61412]' for 'GET' to '/json/version'
[DEBUG] 

Request DefaultFullHttpRequest(decodeResult: success, version: HTTP/1.1, content: EmptyByteBufBE)
GET /json/version HTTP/1.1
User-Agent: selenium/4.7.2 (java windows)
host: localhost:61412
accept: */*

Response DefaultHttpResponse(decodeResult: success, version: HTTP/1.1)
HTTP/1.1 200 OK
Content-Type: application/json; charset=UTF-8
content-length: 424

[DEBUG] Adding key: http://localhost:61412 for channel [id: 0xd16d4f9e, L:/127.0.0.1:61418 - R:localhost/127.0.0.1:61412]
[DEBUG] Using new Channel '[id: 0xc70cc3fe, L:/127.0.0.1:61419 - R:localhost/127.0.0.1:61412]' for 'GET' to '/devtools/browser/d9f4d864-0ecc-4d7f-a050-5ccce9fb0921'
[DEBUG] 

Request DefaultFullHttpRequest(decodeResult: success, version: HTTP/1.1, content: EmptyByteBufBE)
GET /devtools/browser/d9f4d864-0ecc-4d7f-a050-5ccce9fb0921 HTTP/1.1
upgrade: websocket
connection: upgrade
sec-websocket-key: e3MyrCt/FMDIRGvpMNIBcw==
sec-websocket-version: 13
origin: http://localhost:61412
host: localhost:61412
accept: */*
user-agent: AHC/2.1

Response DefaultHttpResponse(decodeResult: success, version: HTTP/1.1)
HTTP/1.1 101 WebSocket Protocol Handshake
Upgrade: WebSocket
Connection: Upgrade
Sec-WebSocket-Accept: nxfV16cBcHg/GKh9sxEsvHgH4ek=

  Given User launch chrome browser                                          # stepDefinitions.Steps.user_launch_chrome_browser()
[main] INFO  cucumber_project  - Launching Browser
[DEBUG] Using pooled Channel '[id: 0xd25cd88b, L:/127.0.0.1:61411 - R:localhost/127.0.0.1:25257]' for 'POST' to 'http://localhost:25257/session/8892a9f0b5fb772f35fcf75d7d265011/url'
[DEBUG] Using open Channel [id: 0xd25cd88b, L:/127.0.0.1:61411 - R:localhost/127.0.0.1:25257] for POST '/session/8892a9f0b5fb772f35fcf75d7d265011/url'
[DEBUG] Entry count for : http://localhost:61385 : 1
[DEBUG] Entry count for : http://localhost:23161 : 1
[DEBUG] Entry count for : http://localhost:61412 : 1
[DEBUG] Adding Candidate expired Channel [id: 0xdc3f649e, L:/127.0.0.1:61392 ! R:localhost/127.0.0.1:61385] isIdleTimeoutExpired=false isRemotelyClosed=true isTtlExpired=false
[DEBUG] Closing Idle Channel [id: 0xdc3f649e, L:/127.0.0.1:61392 ! R:localhost/127.0.0.1:61385]
[DEBUG] Adding Candidate expired Channel [id: 0x5e928bc3, L:/127.0.0.1:61384 ! R:localhost/127.0.0.1:23161] isIdleTimeoutExpired=false isRemotelyClosed=true isTtlExpired=false
[DEBUG] Closing Idle Channel [id: 0x5e928bc3, L:/127.0.0.1:61384 ! R:localhost/127.0.0.1:23161]
[DEBUG] Closed 2 connections out of 3 in 0 ms
[DEBUG] Entry count for : http://localhost:61412 : 1
[DEBUG] 

Request DefaultHttpRequest(decodeResult: success, version: HTTP/1.1)
POST /session/8892a9f0b5fb772f35fcf75d7d265011/url HTTP/1.1
User-Agent: selenium/4.7.2 (java windows)
Content-Length: 69
Content-Type: application/json; charset=utf-8
host: localhost:25257
accept: */*

Response DefaultHttpResponse(decodeResult: success, version: HTTP/1.1)
HTTP/1.1 200 OK
Content-Type: application/json; charset=utf-8
cache-control: no-cache
content-length: 14

[DEBUG] Adding key: http://localhost:25257 for channel [id: 0xd25cd88b, L:/127.0.0.1:61411 - R:localhost/127.0.0.1:25257]
[DEBUG] Using pooled Channel '[id: 0xd25cd88b, L:/127.0.0.1:61411 - R:localhost/127.0.0.1:25257]' for 'POST' to 'http://localhost:25257/session/8892a9f0b5fb772f35fcf75d7d265011/window/maximize'
[DEBUG] Using open Channel [id: 0xd25cd88b, L:/127.0.0.1:61411 - R:localhost/127.0.0.1:25257] for POST '/session/8892a9f0b5fb772f35fcf75d7d265011/window/maximize'
[DEBUG] 

Request DefaultHttpRequest(decodeResult: success, version: HTTP/1.1)
POST /session/8892a9f0b5fb772f35fcf75d7d265011/window/maximize HTTP/1.1
User-Agent: selenium/4.7.2 (java windows)
Content-Length: 3
Content-Type: application/json; charset=utf-8
host: localhost:25257
accept: */*

Response DefaultHttpResponse(decodeResult: success, version: HTTP/1.1)
HTTP/1.1 200 OK
Content-Type: application/json; charset=utf-8
cache-control: no-cache
content-length: 51

[DEBUG] Adding key: http://localhost:25257 for channel [id: 0xd25cd88b, L:/127.0.0.1:61411 - R:localhost/127.0.0.1:25257]
  When User opens URL "http://admin-demo.nopcommerce.com/login"             # stepDefinitions.Steps.user_opens_url(java.lang.String)
[main] INFO  cucumber_project  - Providing login details
[DEBUG] Using pooled Channel '[id: 0xd25cd88b, L:/127.0.0.1:61411 - R:localhost/127.0.0.1:25257]' for 'POST' to 'http://localhost:25257/session/8892a9f0b5fb772f35fcf75d7d265011/element'
[DEBUG] Using open Channel [id: 0xd25cd88b, L:/127.0.0.1:61411 - R:localhost/127.0.0.1:25257] for POST '/session/8892a9f0b5fb772f35fcf75d7d265011/element'
[DEBUG] 

Request DefaultHttpRequest(decodeResult: success, version: HTTP/1.1)
POST /session/8892a9f0b5fb772f35fcf75d7d265011/element HTTP/1.1
User-Agent: selenium/4.7.2 (java windows)
Content-Length: 59
Content-Type: application/json; charset=utf-8
host: localhost:25257
accept: */*

Response DefaultHttpResponse(decodeResult: success, version: HTTP/1.1)
HTTP/1.1 200 OK
Content-Type: application/json; charset=utf-8
cache-control: no-cache
content-length: 88

[DEBUG] Adding key: http://localhost:25257 for channel [id: 0xd25cd88b, L:/127.0.0.1:61411 - R:localhost/127.0.0.1:25257]
[DEBUG] Using pooled Channel '[id: 0xd25cd88b, L:/127.0.0.1:61411 - R:localhost/127.0.0.1:25257]' for 'POST' to 'http://localhost:25257/session/8892a9f0b5fb772f35fcf75d7d265011/element/f16f260d-fa0e-498f-9ba9-f6fd65888800/clear'
[DEBUG] Using open Channel [id: 0xd25cd88b, L:/127.0.0.1:61411 - R:localhost/127.0.0.1:25257] for POST '/session/8892a9f0b5fb772f35fcf75d7d265011/element/f16f260d-fa0e-498f-9ba9-f6fd65888800/clear'
[DEBUG] 

Request DefaultHttpRequest(decodeResult: success, version: HTTP/1.1)
POST /session/8892a9f0b5fb772f35fcf75d7d265011/element/f16f260d-fa0e-498f-9ba9-f6fd65888800/clear HTTP/1.1
User-Agent: selenium/4.7.2 (java windows)
Content-Length: 50
Content-Type: application/json; charset=utf-8
host: localhost:25257
accept: */*

Response DefaultHttpResponse(decodeResult: success, version: HTTP/1.1)
HTTP/1.1 200 OK
Content-Type: application/json; charset=utf-8
cache-control: no-cache
content-length: 14

[DEBUG] Adding key: http://localhost:25257 for channel [id: 0xd25cd88b, L:/127.0.0.1:61411 - R:localhost/127.0.0.1:25257]
[DEBUG] Using pooled Channel '[id: 0xd25cd88b, L:/127.0.0.1:61411 - R:localhost/127.0.0.1:25257]' for 'POST' to 'http://localhost:25257/session/8892a9f0b5fb772f35fcf75d7d265011/element/f16f260d-fa0e-498f-9ba9-f6fd65888800/value'
[DEBUG] Using open Channel [id: 0xd25cd88b, L:/127.0.0.1:61411 - R:localhost/127.0.0.1:25257] for POST '/session/8892a9f0b5fb772f35fcf75d7d265011/element/f16f260d-fa0e-498f-9ba9-f6fd65888800/value'
[DEBUG] 

Request DefaultHttpRequest(decodeResult: success, version: HTTP/1.1)
POST /session/8892a9f0b5fb772f35fcf75d7d265011/element/f16f260d-fa0e-498f-9ba9-f6fd65888800/value HTTP/1.1
User-Agent: selenium/4.7.2 (java windows)
Content-Length: 281
Content-Type: application/json; charset=utf-8
host: localhost:25257
accept: */*

Response DefaultHttpResponse(decodeResult: success, version: HTTP/1.1)
HTTP/1.1 200 OK
Content-Type: application/json; charset=utf-8
cache-control: no-cache
content-length: 14

[DEBUG] Adding key: http://localhost:25257 for channel [id: 0xd25cd88b, L:/127.0.0.1:61411 - R:localhost/127.0.0.1:25257]
[DEBUG] Using pooled Channel '[id: 0xd25cd88b, L:/127.0.0.1:61411 - R:localhost/127.0.0.1:25257]' for 'POST' to 'http://localhost:25257/session/8892a9f0b5fb772f35fcf75d7d265011/element'
[DEBUG] Using open Channel [id: 0xd25cd88b, L:/127.0.0.1:61411 - R:localhost/127.0.0.1:25257] for POST '/session/8892a9f0b5fb772f35fcf75d7d265011/element'
[DEBUG] 

Request DefaultHttpRequest(decodeResult: success, version: HTTP/1.1)
POST /session/8892a9f0b5fb772f35fcf75d7d265011/element HTTP/1.1
User-Agent: selenium/4.7.2 (java windows)
Content-Length: 62
Content-Type: application/json; charset=utf-8
host: localhost:25257
accept: */*

Response DefaultHttpResponse(decodeResult: success, version: HTTP/1.1)
HTTP/1.1 200 OK
Content-Type: application/json; charset=utf-8
cache-control: no-cache
content-length: 88

[DEBUG] Adding key: http://localhost:25257 for channel [id: 0xd25cd88b, L:/127.0.0.1:61411 - R:localhost/127.0.0.1:25257]
[DEBUG] Using pooled Channel '[id: 0xd25cd88b, L:/127.0.0.1:61411 - R:localhost/127.0.0.1:25257]' for 'POST' to 'http://localhost:25257/session/8892a9f0b5fb772f35fcf75d7d265011/element/fd698a73-df29-4d28-abc6-c2ea303e4d5e/clear'
[DEBUG] Using open Channel [id: 0xd25cd88b, L:/127.0.0.1:61411 - R:localhost/127.0.0.1:25257] for POST '/session/8892a9f0b5fb772f35fcf75d7d265011/element/fd698a73-df29-4d28-abc6-c2ea303e4d5e/clear'
[DEBUG] 

Request DefaultHttpRequest(decodeResult: success, version: HTTP/1.1)
POST /session/8892a9f0b5fb772f35fcf75d7d265011/element/fd698a73-df29-4d28-abc6-c2ea303e4d5e/clear HTTP/1.1
User-Agent: selenium/4.7.2 (java windows)
Content-Length: 50
Content-Type: application/json; charset=utf-8
host: localhost:25257
accept: */*

Response DefaultHttpResponse(decodeResult: success, version: HTTP/1.1)
HTTP/1.1 200 OK
Content-Type: application/json; charset=utf-8
cache-control: no-cache
content-length: 14

[DEBUG] Adding key: http://localhost:25257 for channel [id: 0xd25cd88b, L:/127.0.0.1:61411 - R:localhost/127.0.0.1:25257]
[DEBUG] Using pooled Channel '[id: 0xd25cd88b, L:/127.0.0.1:61411 - R:localhost/127.0.0.1:25257]' for 'POST' to 'http://localhost:25257/session/8892a9f0b5fb772f35fcf75d7d265011/element/fd698a73-df29-4d28-abc6-c2ea303e4d5e/value'
[DEBUG] Using open Channel [id: 0xd25cd88b, L:/127.0.0.1:61411 - R:localhost/127.0.0.1:25257] for POST '/session/8892a9f0b5fb772f35fcf75d7d265011/element/fd698a73-df29-4d28-abc6-c2ea303e4d5e/value'
[DEBUG] 

Request DefaultHttpRequest(decodeResult: success, version: HTTP/1.1)
POST /session/8892a9f0b5fb772f35fcf75d7d265011/element/fd698a73-df29-4d28-abc6-c2ea303e4d5e/value HTTP/1.1
User-Agent: selenium/4.7.2 (java windows)
Content-Length: 141
Content-Type: application/json; charset=utf-8
host: localhost:25257
accept: */*

Response DefaultHttpResponse(decodeResult: success, version: HTTP/1.1)
HTTP/1.1 200 OK
Content-Type: application/json; charset=utf-8
cache-control: no-cache
content-length: 14

[DEBUG] Adding key: http://localhost:25257 for channel [id: 0xd25cd88b, L:/127.0.0.1:61411 - R:localhost/127.0.0.1:25257]
  And User enters emails as "admin1@yourstore.com" and password as "admin1" # stepDefinitions.Steps.user_enters_emails_as_and_password_as(java.lang.String,java.lang.String)
[main] INFO  cucumber_project  - Started login
[DEBUG] Using pooled Channel '[id: 0xd25cd88b, L:/127.0.0.1:61411 - R:localhost/127.0.0.1:25257]' for 'POST' to 'http://localhost:25257/session/8892a9f0b5fb772f35fcf75d7d265011/element'
[DEBUG] Using open Channel [id: 0xd25cd88b, L:/127.0.0.1:61411 - R:localhost/127.0.0.1:25257] for POST '/session/8892a9f0b5fb772f35fcf75d7d265011/element'
[DEBUG] 

Request DefaultHttpRequest(decodeResult: success, version: HTTP/1.1)
POST /session/8892a9f0b5fb772f35fcf75d7d265011/element HTTP/1.1
User-Agent: selenium/4.7.2 (java windows)
Content-Length: 172
Content-Type: application/json; charset=utf-8
host: localhost:25257
accept: */*

Response DefaultHttpResponse(decodeResult: success, version: HTTP/1.1)
HTTP/1.1 200 OK
Content-Type: application/json; charset=utf-8
cache-control: no-cache
content-length: 88

[DEBUG] Adding key: http://localhost:25257 for channel [id: 0xd25cd88b, L:/127.0.0.1:61411 - R:localhost/127.0.0.1:25257]
[DEBUG] Using pooled Channel '[id: 0xd25cd88b, L:/127.0.0.1:61411 - R:localhost/127.0.0.1:25257]' for 'POST' to 'http://localhost:25257/session/8892a9f0b5fb772f35fcf75d7d265011/element/7dc2e94c-2a57-4104-bad8-0fb5bcc5918f/click'
[DEBUG] Using open Channel [id: 0xd25cd88b, L:/127.0.0.1:61411 - R:localhost/127.0.0.1:25257] for POST '/session/8892a9f0b5fb772f35fcf75d7d265011/element/7dc2e94c-2a57-4104-bad8-0fb5bcc5918f/click'
[DEBUG] Entry count for : http://localhost:61412 : 1
[DEBUG] 

Request DefaultHttpRequest(decodeResult: success, version: HTTP/1.1)
POST /session/8892a9f0b5fb772f35fcf75d7d265011/element/7dc2e94c-2a57-4104-bad8-0fb5bcc5918f/click HTTP/1.1
User-Agent: selenium/4.7.2 (java windows)
Content-Length: 50
Content-Type: application/json; charset=utf-8
host: localhost:25257
accept: */*

Response DefaultHttpResponse(decodeResult: success, version: HTTP/1.1)
HTTP/1.1 200 OK
Content-Type: application/json; charset=utf-8
cache-control: no-cache
content-length: 14

[DEBUG] Adding key: http://localhost:25257 for channel [id: 0xd25cd88b, L:/127.0.0.1:61411 - R:localhost/127.0.0.1:25257]
[DEBUG] Entry count for : http://localhost:25257 : 1
[DEBUG] Entry count for : http://localhost:61412 : 1
  And Click on Login                                                        # stepDefinitions.Steps.click_on_login()
[DEBUG] Using pooled Channel '[id: 0xd25cd88b, L:/127.0.0.1:61411 - R:localhost/127.0.0.1:25257]' for 'POST' to 'http://localhost:25257/session/8892a9f0b5fb772f35fcf75d7d265011/execute/sync'
[DEBUG] Using open Channel [id: 0xd25cd88b, L:/127.0.0.1:61411 - R:localhost/127.0.0.1:25257] for POST '/session/8892a9f0b5fb772f35fcf75d7d265011/execute/sync'
[DEBUG] 

Request DefaultHttpRequest(decodeResult: success, version: HTTP/1.1)
POST /session/8892a9f0b5fb772f35fcf75d7d265011/execute/sync HTTP/1.1
User-Agent: selenium/4.7.2 (java windows)
Content-Length: 176
Content-Type: application/json; charset=utf-8
host: localhost:25257
accept: */*

Response DefaultHttpResponse(decodeResult: success, version: HTTP/1.1)
HTTP/1.1 200 OK
Content-Type: application/json; charset=utf-8
cache-control: no-cache
content-length: 4638

[DEBUG] Adding key: http://localhost:25257 for channel [id: 0xd25cd88b, L:/127.0.0.1:61411 - R:localhost/127.0.0.1:25257]
[DEBUG] Using pooled Channel '[id: 0xd25cd88b, L:/127.0.0.1:61411 - R:localhost/127.0.0.1:25257]' for 'DELETE' to 'http://localhost:25257/session/8892a9f0b5fb772f35fcf75d7d265011/window'
[DEBUG] Using open Channel [id: 0xd25cd88b, L:/127.0.0.1:61411 - R:localhost/127.0.0.1:25257] for DELETE '/session/8892a9f0b5fb772f35fcf75d7d265011/window'
[DEBUG] Unexpected I/O exception on channel [id: 0xd16d4f9e, L:/127.0.0.1:61418 - R:localhost/127.0.0.1:61412]
java.net.SocketException: Connection reset
	at java.base/sun.nio.ch.SocketChannelImpl.throwConnectionReset(SocketChannelImpl.java:394) ~[na:na]
	at java.base/sun.nio.ch.SocketChannelImpl.read(SocketChannelImpl.java:426) ~[na:na]
	at io.netty.buffer.PooledByteBuf.setBytes(PooledByteBuf.java:259) ~[netty-buffer-4.1.84.Final.jar:4.1.84.Final]
	at io.netty.buffer.AbstractByteBuf.writeBytes(AbstractByteBuf.java:1132) ~[netty-buffer-4.1.84.Final.jar:4.1.84.Final]
	at io.netty.channel.socket.nio.NioSocketChannel.doReadBytes(NioSocketChannel.java:357) ~[netty-transport-4.1.84.Final.jar:4.1.84.Final]
	at io.netty.channel.nio.AbstractNioByteChannel$NioByteUnsafe.read(AbstractNioByteChannel.java:151) ~[netty-transport-4.1.84.Final.jar:4.1.84.Final]
	at io.netty.channel.nio.NioEventLoop.processSelectedKey(NioEventLoop.java:788) ~[netty-transport-4.1.84.Final.jar:4.1.84.Final]
	at io.netty.channel.nio.NioEventLoop.processSelectedKeysOptimized(NioEventLoop.java:724) ~[netty-transport-4.1.84.Final.jar:4.1.84.Final]
	at io.netty.channel.nio.NioEventLoop.processSelectedKeys(NioEventLoop.java:650) ~[netty-transport-4.1.84.Final.jar:4.1.84.Final]
	at io.netty.channel.nio.NioEventLoop.run(NioEventLoop.java:562) ~[netty-transport-4.1.84.Final.jar:4.1.84.Final]
	at io.netty.util.concurrent.SingleThreadEventExecutor$4.run(SingleThreadEventExecutor.java:997) ~[netty-common-4.1.84.Final.jar:4.1.84.Final]
	at io.netty.util.internal.ThreadExecutorMap$2.run(ThreadExecutorMap.java:74) ~[netty-common-4.1.84.Final.jar:4.1.84.Final]
	at io.netty.util.concurrent.FastThreadLocalRunnable.run(FastThreadLocalRunnable.java:30) ~[netty-common-4.1.84.Final.jar:4.1.84.Final]
	at java.base/java.lang.Thread.run(Thread.java:833) ~[na:na]
[DEBUG] Unexpected I/O exception on channel [id: 0xc70cc3fe, L:/127.0.0.1:61419 - R:localhost/127.0.0.1:61412]
java.net.SocketException: Connection reset
	at java.base/sun.nio.ch.SocketChannelImpl.throwConnectionReset(SocketChannelImpl.java:394) ~[na:na]
	at java.base/sun.nio.ch.SocketChannelImpl.read(SocketChannelImpl.java:426) ~[na:na]
	at io.netty.buffer.PooledByteBuf.setBytes(PooledByteBuf.java:259) ~[netty-buffer-4.1.84.Final.jar:4.1.84.Final]
	at io.netty.buffer.AbstractByteBuf.writeBytes(AbstractByteBuf.java:1132) ~[netty-buffer-4.1.84.Final.jar:4.1.84.Final]
	at io.netty.channel.socket.nio.NioSocketChannel.doReadBytes(NioSocketChannel.java:357) ~[netty-transport-4.1.84.Final.jar:4.1.84.Final]
	at io.netty.channel.nio.AbstractNioByteChannel$NioByteUnsafe.read(AbstractNioByteChannel.java:151) ~[netty-transport-4.1.84.Final.jar:4.1.84.Final]
	at io.netty.channel.nio.NioEventLoop.processSelectedKey(NioEventLoop.java:788) ~[netty-transport-4.1.84.Final.jar:4.1.84.Final]
	at io.netty.channel.nio.NioEventLoop.processSelectedKeysOptimized(NioEventLoop.java:724) ~[netty-transport-4.1.84.Final.jar:4.1.84.Final]
	at io.netty.channel.nio.NioEventLoop.processSelectedKeys(NioEventLoop.java:650) ~[netty-transport-4.1.84.Final.jar:4.1.84.Final]
	at io.netty.channel.nio.NioEventLoop.run(NioEventLoop.java:562) ~[netty-transport-4.1.84.Final.jar:4.1.84.Final]
	at io.netty.util.concurrent.SingleThreadEventExecutor$4.run(SingleThreadEventExecutor.java:997) ~[netty-common-4.1.84.Final.jar:4.1.84.Final]
	at io.netty.util.internal.ThreadExecutorMap$2.run(ThreadExecutorMap.java:74) ~[netty-common-4.1.84.Final.jar:4.1.84.Final]
	at io.netty.util.concurrent.FastThreadLocalRunnable.run(FastThreadLocalRunnable.java:30) ~[netty-common-4.1.84.Final.jar:4.1.84.Final]
	at java.base/java.lang.Thread.run(Thread.java:833) ~[na:na]
[DEBUG] Closing Channel [id: 0xd16d4f9e, L:/127.0.0.1:61418 - R:localhost/127.0.0.1:61412] 
[DEBUG] Channel Closed: [id: 0xd16d4f9e, L:/127.0.0.1:61418 ! R:localhost/127.0.0.1:61412] with attribute DISCARD
[DEBUG] Was unable to recover Future: NettyResponseFuture{currentRetry=0,
	isDone=1,
	isCancelled=0,
	asyncHandler=org.asynchttpclient.ws.WebSocketUpgradeHandler@18d5c2d,
	nettyRequest=org.asynchttpclient.netty.request.NettyRequest@5f456ec3,
	future=java.util.concurrent.CompletableFuture@505813fe[Completed normally],
	uri=ws://localhost:61412/devtools/browser/d9f4d864-0ecc-4d7f-a050-5ccce9fb0921,
	keepAlive=true,
	redirectCount=0,
	timeoutsHolder=null,
	inAuth=0,
	touch=1676579269764}
[DEBUG] Closing Channel [id: 0xc70cc3fe, L:/127.0.0.1:61419 - R:localhost/127.0.0.1:61412] 
[WARN] onError
java.net.SocketException: Connection reset
	at java.base/sun.nio.ch.SocketChannelImpl.throwConnectionReset(SocketChannelImpl.java:394) ~[na:na]
	at java.base/sun.nio.ch.SocketChannelImpl.read(SocketChannelImpl.java:426) ~[na:na]
	at io.netty.buffer.PooledByteBuf.setBytes(PooledByteBuf.java:259) ~[netty-buffer-4.1.84.Final.jar:4.1.84.Final]
	at io.netty.buffer.AbstractByteBuf.writeBytes(AbstractByteBuf.java:1132) ~[netty-buffer-4.1.84.Final.jar:4.1.84.Final]
	at io.netty.channel.socket.nio.NioSocketChannel.doReadBytes(NioSocketChannel.java:357) ~[netty-transport-4.1.84.Final.jar:4.1.84.Final]
	at io.netty.channel.nio.AbstractNioByteChannel$NioByteUnsafe.read(AbstractNioByteChannel.java:151) ~[netty-transport-4.1.84.Final.jar:4.1.84.Final]
	at io.netty.channel.nio.NioEventLoop.processSelectedKey(NioEventLoop.java:788) ~[netty-transport-4.1.84.Final.jar:4.1.84.Final]
	at io.netty.channel.nio.NioEventLoop.processSelectedKeysOptimized(NioEventLoop.java:724) ~[netty-transport-4.1.84.Final.jar:4.1.84.Final]
	at io.netty.channel.nio.NioEventLoop.processSelectedKeys(NioEventLoop.java:650) ~[netty-transport-4.1.84.Final.jar:4.1.84.Final]
	at io.netty.channel.nio.NioEventLoop.run(NioEventLoop.java:562) ~[netty-transport-4.1.84.Final.jar:4.1.84.Final]
	at io.netty.util.concurrent.SingleThreadEventExecutor$4.run(SingleThreadEventExecutor.java:997) ~[netty-common-4.1.84.Final.jar:4.1.84.Final]
	at io.netty.util.internal.ThreadExecutorMap$2.run(ThreadExecutorMap.java:74) ~[netty-common-4.1.84.Final.jar:4.1.84.Final]
	at io.netty.util.concurrent.FastThreadLocalRunnable.run(FastThreadLocalRunnable.java:30) ~[netty-common-4.1.84.Final.jar:4.1.84.Final]
	at java.base/java.lang.Thread.run(Thread.java:833) ~[na:na]
[DEBUG] Closing Channel [id: 0xc70cc3fe, L:/127.0.0.1:61419 ! R:localhost/127.0.0.1:61412] 
[DEBUG] Channel Closed: [id: 0xc70cc3fe, L:/127.0.0.1:61419 ! R:localhost/127.0.0.1:61412] with attribute DISCARD
[DEBUG] 

Request DefaultFullHttpRequest(decodeResult: success, version: HTTP/1.1, content: EmptyByteBufBE)
DELETE /session/8892a9f0b5fb772f35fcf75d7d265011/window HTTP/1.1
User-Agent: selenium/4.7.2 (java windows)
Content-Type: application/json; charset=utf-8
host: localhost:25257
accept: */*

Response DefaultHttpResponse(decodeResult: success, version: HTTP/1.1)
HTTP/1.1 200 OK
Content-Type: application/json; charset=utf-8
cache-control: no-cache
content-length: 12

[DEBUG] Adding key: http://localhost:25257 for channel [id: 0xd25cd88b, L:/127.0.0.1:61411 - R:localhost/127.0.0.1:25257]
  Then Page title should be "Dashboard / nopCommerce administration"        # stepDefinitions.Steps.page_title_should_be(java.lang.String)
      java.lang.AssertionError
	at org.junit.Assert.fail(Assert.java:86)
	at org.junit.Assert.assertTrue(Assert.java:41)
	at org.junit.Assert.assertTrue(Assert.java:52)
	at stepDefinitions.Steps.page_title_should_be(Steps.java:92)
	at âœ½.Page title should be "Dashboard / nopCommerce administration"(file:///C:/Users/snasa/eclipse-workspace/cucumber_project/./Features/Login.feature:9)

  When User click on log out link                                           # stepDefinitions.Steps.user_click_on_log_out_link()
  Then Page title should be "Your store. Login"                             # stepDefinitions.Steps.page_title_should_be(java.lang.String)
  And close browser                                                         # stepDefinitions.Steps.close_browser()
]]></system-out>
    <system-err><![CDATA[Starting ChromeDriver 109.0.5414.74 (e7c5703604daa9cc128ccf5a5d3e993513758913-refs/branch-heads/5414@{#1172}) on port 25257
Only local connections are allowed.
Please see https://chromedriver.chromium.org/security-considerations for suggestions on keeping ChromeDriver safe.
ChromeDriver was started successfully.
Feb 17, 2023 1:57:46 AM org.openqa.selenium.devtools.CdpVersionFinder findNearestMatch
WARNING: Unable to find an exact match for CDP version 109, so returning the closest version found: 108
Feb 17, 2023 1:57:49 AM org.openqa.selenium.remote.http.WebSocket$Listener onError
WARNING: Connection reset
java.net.SocketException: Connection reset
	at java.base/sun.nio.ch.SocketChannelImpl.throwConnectionReset(SocketChannelImpl.java:394)
	at java.base/sun.nio.ch.SocketChannelImpl.read(SocketChannelImpl.java:426)
	at io.netty.buffer.PooledByteBuf.setBytes(PooledByteBuf.java:259)
	at io.netty.buffer.AbstractByteBuf.writeBytes(AbstractByteBuf.java:1132)
	at io.netty.channel.socket.nio.NioSocketChannel.doReadBytes(NioSocketChannel.java:357)
	at io.netty.channel.nio.AbstractNioByteChannel$NioByteUnsafe.read(AbstractNioByteChannel.java:151)
	at io.netty.channel.nio.NioEventLoop.processSelectedKey(NioEventLoop.java:788)
	at io.netty.channel.nio.NioEventLoop.processSelectedKeysOptimized(NioEventLoop.java:724)
	at io.netty.channel.nio.NioEventLoop.processSelectedKeys(NioEventLoop.java:650)
	at io.netty.channel.nio.NioEventLoop.run(NioEventLoop.java:562)
	at io.netty.util.concurrent.SingleThreadEventExecutor$4.run(SingleThreadEventExecutor.java:997)
	at io.netty.util.internal.ThreadExecutorMap$2.run(ThreadExecutorMap.java:74)
	at io.netty.util.concurrent.FastThreadLocalRunnable.run(FastThreadLocalRunnable.java:30)
	at java.base/java.lang.Thread.run(Thread.java:833)

]]></system-err>
  </testcase>
</testsuite>