-------------------------------------------------------------------------------
Test set: testRunner.TestRun
-------------------------------------------------------------------------------
Tests run: 5, Failures: 1, Errors: 0, Skipped: 0, Time elapsed: 74.693 s <<< FAILURE! - in testRunner.TestRun
Successful login with valid credentials #2(Login)  Time elapsed: 4.35 s  <<< FAILURE!
java.lang.AssertionError

